[2022-01-24 02:38:27,503] {taskinstance.py:1032} INFO - Dependencies all met for <TaskInstance: datawarehouse_etl.load_invoices scheduled__2022-01-01T00:00:00+00:00 [queued]>
[2022-01-24 02:38:27,511] {taskinstance.py:1032} INFO - Dependencies all met for <TaskInstance: datawarehouse_etl.load_invoices scheduled__2022-01-01T00:00:00+00:00 [queued]>
[2022-01-24 02:38:27,511] {taskinstance.py:1238} INFO - 
--------------------------------------------------------------------------------
[2022-01-24 02:38:27,511] {taskinstance.py:1239} INFO - Starting attempt 6 of 6
[2022-01-24 02:38:27,511] {taskinstance.py:1240} INFO - 
--------------------------------------------------------------------------------
[2022-01-24 02:38:27,521] {taskinstance.py:1259} INFO - Executing <Task(PythonOperator): load_invoices> on 2022-01-01 00:00:00+00:00
[2022-01-24 02:38:27,525] {standard_task_runner.py:52} INFO - Started process 2695 to run task
[2022-01-24 02:38:27,528] {standard_task_runner.py:76} INFO - Running: ['***', 'tasks', 'run', 'datawarehouse_etl', 'load_invoices', 'scheduled__2022-01-01T00:00:00+00:00', '--job-id', '50', '--raw', '--subdir', 'DAGS_FOLDER/datawarehouse_***.py', '--cfg-path', '/tmp/tmp513nr7h0', '--error-file', '/tmp/tmpj7mrlnp_']
[2022-01-24 02:38:27,528] {standard_task_runner.py:77} INFO - Job 50: Subtask load_invoices
[2022-01-24 02:38:27,566] {logging_mixin.py:109} INFO - Running <TaskInstance: datawarehouse_etl.load_invoices scheduled__2022-01-01T00:00:00+00:00 [running]> on host cd9bb47288d1
[2022-01-24 02:38:27,605] {taskinstance.py:1426} INFO - Exporting the following env vars:
AIRFLOW_CTX_DAG_OWNER=***
AIRFLOW_CTX_DAG_ID=datawarehouse_etl
AIRFLOW_CTX_TASK_ID=load_invoices
AIRFLOW_CTX_EXECUTION_DATE=2022-01-01T00:00:00+00:00
AIRFLOW_CTX_DAG_RUN_ID=scheduled__2022-01-01T00:00:00+00:00
[2022-01-24 02:38:27,606] {warnings.py:110} WARNING - /home/***/.local/lib/python3.7/site-packages/***/utils/context.py:152: AirflowContextDeprecationWarning: Accessing 'execution_date' from the template is deprecated and will be removed in a future version. Please use 'data_interval_start' or 'logical_date' instead.
  warnings.warn(_create_deprecation_warning(key, self._deprecation_replacements[key]))

[2022-01-24 02:38:27,607] {warnings.py:110} WARNING - /home/***/.local/lib/python3.7/site-packages/***/utils/context.py:152: AirflowContextDeprecationWarning: Accessing 'next_ds' from the template is deprecated and will be removed in a future version. Please use '{{ data_interval_end | ds }}' instead.
  warnings.warn(_create_deprecation_warning(key, self._deprecation_replacements[key]))

[2022-01-24 02:38:27,607] {warnings.py:110} WARNING - /home/***/.local/lib/python3.7/site-packages/***/utils/context.py:152: AirflowContextDeprecationWarning: Accessing 'next_ds_nodash' from the template is deprecated and will be removed in a future version. Please use '{{ data_interval_end | ds_nodash }}' instead.
  warnings.warn(_create_deprecation_warning(key, self._deprecation_replacements[key]))

[2022-01-24 02:38:27,607] {warnings.py:110} WARNING - /home/***/.local/lib/python3.7/site-packages/***/utils/context.py:152: AirflowContextDeprecationWarning: Accessing 'next_execution_date' from the template is deprecated and will be removed in a future version. Please use 'data_interval_end' instead.
  warnings.warn(_create_deprecation_warning(key, self._deprecation_replacements[key]))

[2022-01-24 02:38:27,607] {warnings.py:110} WARNING - /home/***/.local/lib/python3.7/site-packages/***/utils/context.py:152: AirflowContextDeprecationWarning: Accessing 'prev_ds' from the template is deprecated and will be removed in a future version.
  warnings.warn(_create_deprecation_warning(key, self._deprecation_replacements[key]))

[2022-01-24 02:38:27,607] {warnings.py:110} WARNING - /home/***/.local/lib/python3.7/site-packages/***/utils/context.py:152: AirflowContextDeprecationWarning: Accessing 'prev_ds_nodash' from the template is deprecated and will be removed in a future version.
  warnings.warn(_create_deprecation_warning(key, self._deprecation_replacements[key]))

[2022-01-24 02:38:27,607] {warnings.py:110} WARNING - /home/***/.local/lib/python3.7/site-packages/***/utils/context.py:152: AirflowContextDeprecationWarning: Accessing 'prev_execution_date' from the template is deprecated and will be removed in a future version.
  warnings.warn(_create_deprecation_warning(key, self._deprecation_replacements[key]))

[2022-01-24 02:38:27,607] {warnings.py:110} WARNING - /home/***/.local/lib/python3.7/site-packages/***/utils/context.py:152: AirflowContextDeprecationWarning: Accessing 'prev_execution_date_success' from the template is deprecated and will be removed in a future version. Please use 'prev_data_interval_start_success' instead.
  warnings.warn(_create_deprecation_warning(key, self._deprecation_replacements[key]))

[2022-01-24 02:38:27,607] {warnings.py:110} WARNING - /home/***/.local/lib/python3.7/site-packages/***/utils/context.py:152: AirflowContextDeprecationWarning: Accessing 'tomorrow_ds' from the template is deprecated and will be removed in a future version.
  warnings.warn(_create_deprecation_warning(key, self._deprecation_replacements[key]))

[2022-01-24 02:38:27,607] {warnings.py:110} WARNING - /home/***/.local/lib/python3.7/site-packages/***/utils/context.py:152: AirflowContextDeprecationWarning: Accessing 'tomorrow_ds_nodash' from the template is deprecated and will be removed in a future version.
  warnings.warn(_create_deprecation_warning(key, self._deprecation_replacements[key]))

[2022-01-24 02:38:27,607] {warnings.py:110} WARNING - /home/***/.local/lib/python3.7/site-packages/***/utils/context.py:152: AirflowContextDeprecationWarning: Accessing 'yesterday_ds' from the template is deprecated and will be removed in a future version.
  warnings.warn(_create_deprecation_warning(key, self._deprecation_replacements[key]))

[2022-01-24 02:38:27,608] {warnings.py:110} WARNING - /home/***/.local/lib/python3.7/site-packages/***/utils/context.py:152: AirflowContextDeprecationWarning: Accessing 'yesterday_ds_nodash' from the template is deprecated and will be removed in a future version.
  warnings.warn(_create_deprecation_warning(key, self._deprecation_replacements[key]))

[2022-01-24 02:38:27,608] {logging_mixin.py:109} INFO - {'conf': <***.configuration.AirflowConfigParser object at 0x7f1e4dfc6a10>, 'dag': <DAG: datawarehouse_etl>, 'dag_run': <DagRun datawarehouse_etl @ 2022-01-01 00:00:00+00:00: scheduled__2022-01-01T00:00:00+00:00, externally triggered: False>, 'data_interval_end': DateTime(2022, 1, 2, 0, 0, 0, tzinfo=Timezone('UTC')), 'data_interval_start': DateTime(2022, 1, 1, 0, 0, 0, tzinfo=Timezone('UTC')), 'ds': '2022-01-01', 'ds_nodash': '20220101', 'execution_date': DateTime(2022, 1, 1, 0, 0, 0, tzinfo=Timezone('UTC')), 'inlets': [], 'logical_date': DateTime(2022, 1, 1, 0, 0, 0, tzinfo=Timezone('UTC')), 'macros': <module '***.macros' from '/home/***/.local/lib/python3.7/site-packages/***/macros/__init__.py'>, 'next_ds': '2022-01-02', 'next_ds_nodash': '20220102', 'next_execution_date': DateTime(2022, 1, 2, 0, 0, 0, tzinfo=Timezone('UTC')), 'outlets': [], 'params': {}, 'prev_data_interval_start_success': None, 'prev_data_interval_end_success': None, 'prev_ds': '2021-12-31', 'prev_ds_nodash': '20211231', 'prev_execution_date': datetime.datetime(2021, 12, 31, 0, 0, tzinfo=Timezone('UTC')), 'prev_execution_date_success': None, 'prev_start_date_success': None, 'run_id': 'scheduled__2022-01-01T00:00:00+00:00', 'task': <Task(PythonOperator): load_invoices>, 'task_instance': <TaskInstance: datawarehouse_etl.load_invoices scheduled__2022-01-01T00:00:00+00:00 [running]>, 'task_instance_key_str': 'datawarehouse_etl__load_invoices__20220101', 'test_mode': False, 'ti': <TaskInstance: datawarehouse_etl.load_invoices scheduled__2022-01-01T00:00:00+00:00 [running]>, 'tomorrow_ds': '2022-01-02', 'tomorrow_ds_nodash': '20220102', 'ts': '2022-01-01T00:00:00+00:00', 'ts_nodash': '20220101T000000', 'ts_nodash_with_tz': '20220101T000000+0000', 'var': {'json': None, 'value': None}, 'conn': None, 'yesterday_ds': '2021-12-31', 'yesterday_ds_nodash': '20211231', 'key': 'value', 'ts_var': '2022-01-01T00:00:00+00:00', 'tsnodash_var': '20220101T000000', 'templates_dict': None}
[2022-01-24 02:38:27,609] {logging_mixin.py:109} INFO - ts:  2022-01-01 00:00:00+00:00
[2022-01-24 02:38:27,609] {logging_mixin.py:109} INFO - <class 'pandas._libs.tslibs.timestamps.Timestamp'>
[2022-01-24 02:38:27,609] {logging_mixin.py:109} INFO - Object created.
[2022-01-24 02:38:27,609] {logging_mixin.py:109} INFO - 2022 1 1
[2022-01-24 02:38:27,610] {logging_mixin.py:109} INFO - plugins/invoices/d2022-1-1/invoice_2022-1-1-12.json
[2022-01-24 02:38:27,610] {logging_mixin.py:109} INFO - plugins/invoices/d2022-1-1/invoice_2022-1-1-47.json
[2022-01-24 02:38:27,611] {logging_mixin.py:109} INFO - plugins/invoices/d2022-1-1/invoice_2022-1-1-11.json
[2022-01-24 02:38:27,611] {logging_mixin.py:109} INFO - plugins/invoices/d2022-1-1/invoice_2022-1-1-24.json
[2022-01-24 02:38:27,611] {logging_mixin.py:109} INFO - plugins/invoices/d2022-1-1/invoice_2022-1-1-41.json
[2022-01-24 02:38:27,611] {logging_mixin.py:109} INFO - plugins/invoices/d2022-1-1/invoice_2022-1-1-29.json
[2022-01-24 02:38:27,612] {logging_mixin.py:109} INFO - plugins/invoices/d2022-1-1/invoice_2022-1-1-37.json
[2022-01-24 02:38:27,612] {logging_mixin.py:109} INFO - plugins/invoices/d2022-1-1/invoice_2022-1-1-14.json
[2022-01-24 02:38:27,612] {logging_mixin.py:109} INFO - plugins/invoices/d2022-1-1/invoice_2022-1-1-82.json
[2022-01-24 02:38:27,612] {logging_mixin.py:109} INFO - plugins/invoices/d2022-1-1/invoice_2022-1-1-85.json
[2022-01-24 02:38:27,612] {logging_mixin.py:109} INFO - plugins/invoices/d2022-1-1/invoice_2022-1-1-72.json
[2022-01-24 02:38:27,613] {logging_mixin.py:109} INFO - plugins/invoices/d2022-1-1/invoice_2022-1-1-18.json
[2022-01-24 02:38:27,613] {logging_mixin.py:109} INFO - plugins/invoices/d2022-1-1/invoice_2022-1-1-17.json
[2022-01-24 02:38:27,613] {logging_mixin.py:109} INFO - plugins/invoices/d2022-1-1/invoice_2022-1-1-66.json
[2022-01-24 02:38:27,613] {logging_mixin.py:109} INFO - plugins/invoices/d2022-1-1/invoice_2022-1-1-30.json
[2022-01-24 02:38:27,613] {logging_mixin.py:109} INFO - plugins/invoices/d2022-1-1/invoice_2022-1-1-31.json
[2022-01-24 02:38:27,614] {logging_mixin.py:109} INFO - plugins/invoices/d2022-1-1/invoice_2022-1-1-70.json
[2022-01-24 02:38:27,614] {logging_mixin.py:109} INFO - plugins/invoices/d2022-1-1/invoice_2022-1-1-57.json
[2022-01-24 02:38:27,614] {logging_mixin.py:109} INFO - plugins/invoices/d2022-1-1/invoice_2022-1-1-10.json
[2022-01-24 02:38:27,614] {logging_mixin.py:109} INFO - plugins/invoices/d2022-1-1/invoice_2022-1-1-54.json
[2022-01-24 02:38:27,614] {logging_mixin.py:109} INFO - plugins/invoices/d2022-1-1/invoice_2022-1-1-7.json
[2022-01-24 02:38:27,615] {logging_mixin.py:109} INFO - plugins/invoices/d2022-1-1/invoice_2022-1-1-0.json
[2022-01-24 02:38:27,615] {logging_mixin.py:109} INFO - plugins/invoices/d2022-1-1/invoice_2022-1-1-74.json
[2022-01-24 02:38:27,615] {logging_mixin.py:109} INFO - plugins/invoices/d2022-1-1/invoice_2022-1-1-19.json
[2022-01-24 02:38:27,615] {logging_mixin.py:109} INFO - plugins/invoices/d2022-1-1/invoice_2022-1-1-43.json
[2022-01-24 02:38:27,615] {logging_mixin.py:109} INFO - plugins/invoices/d2022-1-1/invoice_2022-1-1-27.json
[2022-01-24 02:38:27,616] {logging_mixin.py:109} INFO - plugins/invoices/d2022-1-1/invoice_2022-1-1-76.json
[2022-01-24 02:38:27,616] {logging_mixin.py:109} INFO - plugins/invoices/d2022-1-1/invoice_2022-1-1-2.json
[2022-01-24 02:38:27,616] {logging_mixin.py:109} INFO - plugins/invoices/d2022-1-1/invoice_2022-1-1-73.json
[2022-01-24 02:38:27,616] {logging_mixin.py:109} INFO - plugins/invoices/d2022-1-1/invoice_2022-1-1-34.json
[2022-01-24 02:38:27,616] {logging_mixin.py:109} INFO - plugins/invoices/d2022-1-1/invoice_2022-1-1-28.json
[2022-01-24 02:38:27,617] {logging_mixin.py:109} INFO - plugins/invoices/d2022-1-1/invoice_2022-1-1-20.json
[2022-01-24 02:38:27,617] {logging_mixin.py:109} INFO - plugins/invoices/d2022-1-1/invoice_2022-1-1-44.json
[2022-01-24 02:38:27,617] {logging_mixin.py:109} INFO - plugins/invoices/d2022-1-1/invoice_2022-1-1-63.json
[2022-01-24 02:38:27,617] {logging_mixin.py:109} INFO - plugins/invoices/d2022-1-1/invoice_2022-1-1-1.json
[2022-01-24 02:38:27,618] {logging_mixin.py:109} INFO - plugins/invoices/d2022-1-1/invoice_2022-1-1-91.json
[2022-01-24 02:38:27,618] {logging_mixin.py:109} INFO - plugins/invoices/d2022-1-1/invoice_2022-1-1-89.json
[2022-01-24 02:38:27,618] {logging_mixin.py:109} INFO - plugins/invoices/d2022-1-1/invoice_2022-1-1-75.json
[2022-01-24 02:38:27,618] {logging_mixin.py:109} INFO - plugins/invoices/d2022-1-1/invoice_2022-1-1-16.json
[2022-01-24 02:38:27,618] {logging_mixin.py:109} INFO - plugins/invoices/d2022-1-1/invoice_2022-1-1-5.json
[2022-01-24 02:38:27,619] {logging_mixin.py:109} INFO - plugins/invoices/d2022-1-1/invoice_2022-1-1-65.json
[2022-01-24 02:38:27,619] {logging_mixin.py:109} INFO - plugins/invoices/d2022-1-1/invoice_2022-1-1-33.json
[2022-01-24 02:38:27,619] {logging_mixin.py:109} INFO - plugins/invoices/d2022-1-1/invoice_2022-1-1-15.json
[2022-01-24 02:38:27,619] {logging_mixin.py:109} INFO - plugins/invoices/d2022-1-1/invoice_2022-1-1-42.json
[2022-01-24 02:38:27,619] {logging_mixin.py:109} INFO - plugins/invoices/d2022-1-1/invoice_2022-1-1-79.json
[2022-01-24 02:38:27,620] {logging_mixin.py:109} INFO - plugins/invoices/d2022-1-1/invoice_2022-1-1-32.json
[2022-01-24 02:38:27,620] {logging_mixin.py:109} INFO - plugins/invoices/d2022-1-1/invoice_2022-1-1-62.json
[2022-01-24 02:38:27,620] {logging_mixin.py:109} INFO - plugins/invoices/d2022-1-1/invoice_2022-1-1-21.json
[2022-01-24 02:38:27,620] {logging_mixin.py:109} INFO - plugins/invoices/d2022-1-1/invoice_2022-1-1-35.json
[2022-01-24 02:38:27,620] {logging_mixin.py:109} INFO - plugins/invoices/d2022-1-1/invoice_2022-1-1-4.json
[2022-01-24 02:38:27,621] {logging_mixin.py:109} INFO - plugins/invoices/d2022-1-1/invoice_2022-1-1-81.json
[2022-01-24 02:38:27,621] {logging_mixin.py:109} INFO - plugins/invoices/d2022-1-1/invoice_2022-1-1-52.json
[2022-01-24 02:38:27,621] {logging_mixin.py:109} INFO - plugins/invoices/d2022-1-1/invoice_2022-1-1-60.json
[2022-01-24 02:38:27,621] {logging_mixin.py:109} INFO - plugins/invoices/d2022-1-1/invoice_2022-1-1-46.json
[2022-01-24 02:38:27,621] {logging_mixin.py:109} INFO - plugins/invoices/d2022-1-1/invoice_2022-1-1-83.json
[2022-01-24 02:38:27,622] {logging_mixin.py:109} INFO - plugins/invoices/d2022-1-1/invoice_2022-1-1-92.json
[2022-01-24 02:38:27,622] {logging_mixin.py:109} INFO - plugins/invoices/d2022-1-1/invoice_2022-1-1-71.json
[2022-01-24 02:38:27,622] {logging_mixin.py:109} INFO - plugins/invoices/d2022-1-1/invoice_2022-1-1-48.json
[2022-01-24 02:38:27,622] {logging_mixin.py:109} INFO - plugins/invoices/d2022-1-1/invoice_2022-1-1-22.json
[2022-01-24 02:38:27,622] {logging_mixin.py:109} INFO - plugins/invoices/d2022-1-1/invoice_2022-1-1-55.json
[2022-01-24 02:38:27,623] {logging_mixin.py:109} INFO - plugins/invoices/d2022-1-1/invoice_2022-1-1-64.json
[2022-01-24 02:38:27,623] {logging_mixin.py:109} INFO - plugins/invoices/d2022-1-1/invoice_2022-1-1-23.json
[2022-01-24 02:38:27,623] {logging_mixin.py:109} INFO - plugins/invoices/d2022-1-1/invoice_2022-1-1-88.json
[2022-01-24 02:38:27,623] {logging_mixin.py:109} INFO - plugins/invoices/d2022-1-1/invoice_2022-1-1-67.json
[2022-01-24 02:38:27,623] {logging_mixin.py:109} INFO - plugins/invoices/d2022-1-1/invoice_2022-1-1-8.json
[2022-01-24 02:38:27,624] {logging_mixin.py:109} INFO - plugins/invoices/d2022-1-1/invoice_2022-1-1-51.json
[2022-01-24 02:38:27,624] {logging_mixin.py:109} INFO - plugins/invoices/d2022-1-1/invoice_2022-1-1-26.json
[2022-01-24 02:38:27,624] {logging_mixin.py:109} INFO - plugins/invoices/d2022-1-1/invoice_2022-1-1-77.json
[2022-01-24 02:38:27,624] {logging_mixin.py:109} INFO - plugins/invoices/d2022-1-1/invoice_2022-1-1-87.json
[2022-01-24 02:38:27,625] {logging_mixin.py:109} INFO - plugins/invoices/d2022-1-1/invoice_2022-1-1-38.json
[2022-01-24 02:38:27,625] {logging_mixin.py:109} INFO - plugins/invoices/d2022-1-1/invoice_2022-1-1-61.json
[2022-01-24 02:38:27,625] {logging_mixin.py:109} INFO - plugins/invoices/d2022-1-1/invoice_2022-1-1-84.json
[2022-01-24 02:38:27,625] {logging_mixin.py:109} INFO - plugins/invoices/d2022-1-1/invoice_2022-1-1-9.json
[2022-01-24 02:38:27,625] {logging_mixin.py:109} INFO - plugins/invoices/d2022-1-1/invoice_2022-1-1-80.json
[2022-01-24 02:38:27,626] {logging_mixin.py:109} INFO - plugins/invoices/d2022-1-1/invoice_2022-1-1-68.json
[2022-01-24 02:38:27,626] {logging_mixin.py:109} INFO - plugins/invoices/d2022-1-1/invoice_2022-1-1-6.json
[2022-01-24 02:38:27,626] {logging_mixin.py:109} INFO - plugins/invoices/d2022-1-1/invoice_2022-1-1-90.json
[2022-01-24 02:38:27,626] {logging_mixin.py:109} INFO - plugins/invoices/d2022-1-1/invoice_2022-1-1-45.json
[2022-01-24 02:38:27,627] {logging_mixin.py:109} INFO - plugins/invoices/d2022-1-1/invoice_2022-1-1-58.json
[2022-01-24 02:38:27,627] {logging_mixin.py:109} INFO - plugins/invoices/d2022-1-1/invoice_2022-1-1-50.json
[2022-01-24 02:38:27,627] {logging_mixin.py:109} INFO - plugins/invoices/d2022-1-1/invoice_2022-1-1-3.json
[2022-01-24 02:38:27,627] {logging_mixin.py:109} INFO - plugins/invoices/d2022-1-1/invoice_2022-1-1-86.json
[2022-01-24 02:38:27,627] {logging_mixin.py:109} INFO - plugins/invoices/d2022-1-1/invoice_2022-1-1-25.json
[2022-01-24 02:38:27,628] {logging_mixin.py:109} INFO - plugins/invoices/d2022-1-1/invoice_2022-1-1-78.json
[2022-01-24 02:38:27,628] {logging_mixin.py:109} INFO - plugins/invoices/d2022-1-1/invoice_2022-1-1-56.json
[2022-01-24 02:38:27,628] {logging_mixin.py:109} INFO - plugins/invoices/d2022-1-1/invoice_2022-1-1-59.json
[2022-01-24 02:38:27,628] {logging_mixin.py:109} INFO - plugins/invoices/d2022-1-1/invoice_2022-1-1-53.json
[2022-01-24 02:38:27,628] {logging_mixin.py:109} INFO - plugins/invoices/d2022-1-1/invoice_2022-1-1-49.json
[2022-01-24 02:38:27,628] {logging_mixin.py:109} INFO - plugins/invoices/d2022-1-1/invoice_2022-1-1-36.json
[2022-01-24 02:38:27,629] {logging_mixin.py:109} INFO - plugins/invoices/d2022-1-1/invoice_2022-1-1-69.json
[2022-01-24 02:38:27,629] {logging_mixin.py:109} INFO - plugins/invoices/d2022-1-1/invoice_2022-1-1-13.json
[2022-01-24 02:38:27,629] {logging_mixin.py:109} INFO - plugins/invoices/d2022-1-1/invoice_2022-1-1-39.json
[2022-01-24 02:38:27,629] {logging_mixin.py:109} INFO - plugins/invoices/d2022-1-1/invoice_2022-1-1-40.json
[2022-01-24 02:38:27,633] {logging_mixin.py:109} INFO - 93
[2022-01-24 02:38:27,660] {logging_mixin.py:109} INFO -      invoice_id    invoice_timestamp  customer_id  ...  qty is_discount       price
0    20220101-2  2022-01-01T10:50:31  zeytfvk2553  ...  165           1   8832.9780
1   20220101-51  2022-01-01T06:47:08  afxkwkm4444  ...  283           0  20336.3800
2   20220101-19  2022-01-01T02:05:18  kyeceqk1245  ...   35           0   2602.6000
3   20220101-30  2022-01-01T04:24:46  sexnidd1428  ...  193           0  17395.0900
4   20220101-46  2022-01-01T08:02:25  pejhuht3583  ...   37           1    169.5784
..          ...                  ...          ...  ...  ...         ...         ...
88  20220101-41  2022-01-01T11:56:00  lzoimgb3646  ...  140           1   4513.5860
89  20220101-71  2022-01-01T07:22:52  wziuxfs4826  ...  290           1  10276.2660
90  20220101-20  2022-01-01T06:48:47  ljjexgl5253  ...   31           1    627.0649
91  20220101-44  2022-01-01T15:41:47  kyeceqk1245  ...   56           0   4891.0400
92  20220101-45  2022-01-01T19:53:27  yyymlnv2864  ...   37           1    971.6163

[93 rows x 8 columns]
[2022-01-24 02:38:27,660] {python.py:175} INFO - Done. Returned value was: None
[2022-01-24 02:38:27,669] {taskinstance.py:1277} INFO - Marking task as SUCCESS. dag_id=datawarehouse_etl, task_id=load_invoices, execution_date=20220101T000000, start_date=20220124T023827, end_date=20220124T023827
[2022-01-24 02:38:27,700] {local_task_job.py:154} INFO - Task exited with return code 0
[2022-01-24 02:38:27,735] {local_task_job.py:264} INFO - 1 downstream tasks scheduled from follow-on schedule check
