[2022-01-24 04:16:01,631] {taskinstance.py:1032} INFO - Dependencies all met for <TaskInstance: datawarehouse_etl.load_invoice_staging scheduled__2022-01-04T00:00:00+00:00 [queued]>
[2022-01-24 04:16:01,640] {taskinstance.py:1032} INFO - Dependencies all met for <TaskInstance: datawarehouse_etl.load_invoice_staging scheduled__2022-01-04T00:00:00+00:00 [queued]>
[2022-01-24 04:16:01,640] {taskinstance.py:1238} INFO - 
--------------------------------------------------------------------------------
[2022-01-24 04:16:01,640] {taskinstance.py:1239} INFO - Starting attempt 1 of 1
[2022-01-24 04:16:01,640] {taskinstance.py:1240} INFO - 
--------------------------------------------------------------------------------
[2022-01-24 04:16:01,651] {taskinstance.py:1259} INFO - Executing <Task(PythonOperator): load_invoice_staging> on 2022-01-04 00:00:00+00:00
[2022-01-24 04:16:01,655] {standard_task_runner.py:52} INFO - Started process 7138 to run task
[2022-01-24 04:16:01,659] {standard_task_runner.py:76} INFO - Running: ['***', 'tasks', 'run', 'datawarehouse_etl', 'load_invoice_staging', 'scheduled__2022-01-04T00:00:00+00:00', '--job-id', '76', '--raw', '--subdir', 'DAGS_FOLDER/datawarehouse_***.py', '--cfg-path', '/tmp/tmpq3pyz1w3', '--error-file', '/tmp/tmplfp6shna']
[2022-01-24 04:16:01,659] {standard_task_runner.py:77} INFO - Job 76: Subtask load_invoice_staging
[2022-01-24 04:16:01,696] {logging_mixin.py:109} INFO - Running <TaskInstance: datawarehouse_etl.load_invoice_staging scheduled__2022-01-04T00:00:00+00:00 [running]> on host cd9bb47288d1
[2022-01-24 04:16:01,734] {taskinstance.py:1426} INFO - Exporting the following env vars:
AIRFLOW_CTX_DAG_OWNER=***
AIRFLOW_CTX_DAG_ID=datawarehouse_etl
AIRFLOW_CTX_TASK_ID=load_invoice_staging
AIRFLOW_CTX_EXECUTION_DATE=2022-01-04T00:00:00+00:00
AIRFLOW_CTX_DAG_RUN_ID=scheduled__2022-01-04T00:00:00+00:00
[2022-01-24 04:16:01,736] {warnings.py:110} WARNING - /home/***/.local/lib/python3.7/site-packages/***/utils/context.py:152: AirflowContextDeprecationWarning: Accessing 'execution_date' from the template is deprecated and will be removed in a future version. Please use 'data_interval_start' or 'logical_date' instead.
  warnings.warn(_create_deprecation_warning(key, self._deprecation_replacements[key]))

[2022-01-24 04:16:01,736] {warnings.py:110} WARNING - /home/***/.local/lib/python3.7/site-packages/***/utils/context.py:152: AirflowContextDeprecationWarning: Accessing 'next_ds' from the template is deprecated and will be removed in a future version. Please use '{{ data_interval_end | ds }}' instead.
  warnings.warn(_create_deprecation_warning(key, self._deprecation_replacements[key]))

[2022-01-24 04:16:01,736] {warnings.py:110} WARNING - /home/***/.local/lib/python3.7/site-packages/***/utils/context.py:152: AirflowContextDeprecationWarning: Accessing 'next_ds_nodash' from the template is deprecated and will be removed in a future version. Please use '{{ data_interval_end | ds_nodash }}' instead.
  warnings.warn(_create_deprecation_warning(key, self._deprecation_replacements[key]))

[2022-01-24 04:16:01,736] {warnings.py:110} WARNING - /home/***/.local/lib/python3.7/site-packages/***/utils/context.py:152: AirflowContextDeprecationWarning: Accessing 'next_execution_date' from the template is deprecated and will be removed in a future version. Please use 'data_interval_end' instead.
  warnings.warn(_create_deprecation_warning(key, self._deprecation_replacements[key]))

[2022-01-24 04:16:01,736] {warnings.py:110} WARNING - /home/***/.local/lib/python3.7/site-packages/***/utils/context.py:152: AirflowContextDeprecationWarning: Accessing 'prev_ds' from the template is deprecated and will be removed in a future version.
  warnings.warn(_create_deprecation_warning(key, self._deprecation_replacements[key]))

[2022-01-24 04:16:01,736] {warnings.py:110} WARNING - /home/***/.local/lib/python3.7/site-packages/***/utils/context.py:152: AirflowContextDeprecationWarning: Accessing 'prev_ds_nodash' from the template is deprecated and will be removed in a future version.
  warnings.warn(_create_deprecation_warning(key, self._deprecation_replacements[key]))

[2022-01-24 04:16:01,736] {warnings.py:110} WARNING - /home/***/.local/lib/python3.7/site-packages/***/utils/context.py:152: AirflowContextDeprecationWarning: Accessing 'prev_execution_date' from the template is deprecated and will be removed in a future version.
  warnings.warn(_create_deprecation_warning(key, self._deprecation_replacements[key]))

[2022-01-24 04:16:01,736] {warnings.py:110} WARNING - /home/***/.local/lib/python3.7/site-packages/***/utils/context.py:152: AirflowContextDeprecationWarning: Accessing 'prev_execution_date_success' from the template is deprecated and will be removed in a future version. Please use 'prev_data_interval_start_success' instead.
  warnings.warn(_create_deprecation_warning(key, self._deprecation_replacements[key]))

[2022-01-24 04:16:01,737] {warnings.py:110} WARNING - /home/***/.local/lib/python3.7/site-packages/***/utils/context.py:152: AirflowContextDeprecationWarning: Accessing 'tomorrow_ds' from the template is deprecated and will be removed in a future version.
  warnings.warn(_create_deprecation_warning(key, self._deprecation_replacements[key]))

[2022-01-24 04:16:01,737] {warnings.py:110} WARNING - /home/***/.local/lib/python3.7/site-packages/***/utils/context.py:152: AirflowContextDeprecationWarning: Accessing 'tomorrow_ds_nodash' from the template is deprecated and will be removed in a future version.
  warnings.warn(_create_deprecation_warning(key, self._deprecation_replacements[key]))

[2022-01-24 04:16:01,737] {warnings.py:110} WARNING - /home/***/.local/lib/python3.7/site-packages/***/utils/context.py:152: AirflowContextDeprecationWarning: Accessing 'yesterday_ds' from the template is deprecated and will be removed in a future version.
  warnings.warn(_create_deprecation_warning(key, self._deprecation_replacements[key]))

[2022-01-24 04:16:01,737] {warnings.py:110} WARNING - /home/***/.local/lib/python3.7/site-packages/***/utils/context.py:152: AirflowContextDeprecationWarning: Accessing 'yesterday_ds_nodash' from the template is deprecated and will be removed in a future version.
  warnings.warn(_create_deprecation_warning(key, self._deprecation_replacements[key]))

[2022-01-24 04:16:01,738] {logging_mixin.py:109} INFO - {'conf': <***.configuration.AirflowConfigParser object at 0x7f1e4dfc6a10>, 'dag': <DAG: datawarehouse_etl>, 'dag_run': <DagRun datawarehouse_etl @ 2022-01-04 00:00:00+00:00: scheduled__2022-01-04T00:00:00+00:00, externally triggered: False>, 'data_interval_end': DateTime(2022, 1, 5, 0, 0, 0, tzinfo=Timezone('UTC')), 'data_interval_start': DateTime(2022, 1, 4, 0, 0, 0, tzinfo=Timezone('UTC')), 'ds': '2022-01-04', 'ds_nodash': '20220104', 'execution_date': DateTime(2022, 1, 4, 0, 0, 0, tzinfo=Timezone('UTC')), 'inlets': [], 'logical_date': DateTime(2022, 1, 4, 0, 0, 0, tzinfo=Timezone('UTC')), 'macros': <module '***.macros' from '/home/***/.local/lib/python3.7/site-packages/***/macros/__init__.py'>, 'next_ds': '2022-01-05', 'next_ds_nodash': '20220105', 'next_execution_date': DateTime(2022, 1, 5, 0, 0, 0, tzinfo=Timezone('UTC')), 'outlets': [], 'params': {}, 'prev_data_interval_start_success': None, 'prev_data_interval_end_success': None, 'prev_ds': '2022-01-03', 'prev_ds_nodash': '20220103', 'prev_execution_date': datetime.datetime(2022, 1, 3, 0, 0, tzinfo=Timezone('UTC')), 'prev_execution_date_success': None, 'prev_start_date_success': None, 'run_id': 'scheduled__2022-01-04T00:00:00+00:00', 'task': <Task(PythonOperator): load_invoice_staging>, 'task_instance': <TaskInstance: datawarehouse_etl.load_invoice_staging scheduled__2022-01-04T00:00:00+00:00 [running]>, 'task_instance_key_str': 'datawarehouse_etl__load_invoice_staging__20220104', 'test_mode': False, 'ti': <TaskInstance: datawarehouse_etl.load_invoice_staging scheduled__2022-01-04T00:00:00+00:00 [running]>, 'tomorrow_ds': '2022-01-05', 'tomorrow_ds_nodash': '20220105', 'ts': '2022-01-04T00:00:00+00:00', 'ts_nodash': '20220104T000000', 'ts_nodash_with_tz': '20220104T000000+0000', 'var': {'json': None, 'value': None}, 'conn': None, 'yesterday_ds': '2022-01-03', 'yesterday_ds_nodash': '20220103', 'key': 'value', 'ts_var': '2022-01-04T00:00:00+00:00', 'tsnodash_var': '20220104T000000', 'templates_dict': None}
[2022-01-24 04:16:01,738] {logging_mixin.py:109} INFO - ts:  2022-01-04 00:00:00+00:00
[2022-01-24 04:16:01,739] {logging_mixin.py:109} INFO - <class 'pandas._libs.tslibs.timestamps.Timestamp'>
[2022-01-24 04:16:01,739] {logging_mixin.py:109} INFO - Object created.
[2022-01-24 04:16:01,739] {logging_mixin.py:109} INFO - 2022 1 4
[2022-01-24 04:16:01,739] {logging_mixin.py:109} INFO - plugins/invoices/d2022-1-4/invoice_2022-1-4-33.json
[2022-01-24 04:16:01,739] {logging_mixin.py:109} INFO - plugins/invoices/d2022-1-4/invoice_2022-1-4-40.json
[2022-01-24 04:16:01,740] {logging_mixin.py:109} INFO - plugins/invoices/d2022-1-4/invoice_2022-1-4-23.json
[2022-01-24 04:16:01,740] {logging_mixin.py:109} INFO - plugins/invoices/d2022-1-4/invoice_2022-1-4-67.json
[2022-01-24 04:16:01,740] {logging_mixin.py:109} INFO - plugins/invoices/d2022-1-4/invoice_2022-1-4-29.json
[2022-01-24 04:16:01,740] {logging_mixin.py:109} INFO - plugins/invoices/d2022-1-4/invoice_2022-1-4-63.json
[2022-01-24 04:16:01,740] {logging_mixin.py:109} INFO - plugins/invoices/d2022-1-4/invoice_2022-1-4-37.json
[2022-01-24 04:16:01,741] {logging_mixin.py:109} INFO - plugins/invoices/d2022-1-4/invoice_2022-1-4-28.json
[2022-01-24 04:16:01,741] {logging_mixin.py:109} INFO - plugins/invoices/d2022-1-4/invoice_2022-1-4-45.json
[2022-01-24 04:16:01,741] {logging_mixin.py:109} INFO - plugins/invoices/d2022-1-4/invoice_2022-1-4-11.json
[2022-01-24 04:16:01,741] {logging_mixin.py:109} INFO - plugins/invoices/d2022-1-4/invoice_2022-1-4-51.json
[2022-01-24 04:16:01,741] {logging_mixin.py:109} INFO - plugins/invoices/d2022-1-4/invoice_2022-1-4-30.json
[2022-01-24 04:16:01,742] {logging_mixin.py:109} INFO - plugins/invoices/d2022-1-4/invoice_2022-1-4-71.json
[2022-01-24 04:16:01,742] {logging_mixin.py:109} INFO - plugins/invoices/d2022-1-4/invoice_2022-1-4-8.json
[2022-01-24 04:16:01,742] {logging_mixin.py:109} INFO - plugins/invoices/d2022-1-4/invoice_2022-1-4-32.json
[2022-01-24 04:16:01,742] {logging_mixin.py:109} INFO - plugins/invoices/d2022-1-4/invoice_2022-1-4-47.json
[2022-01-24 04:16:01,742] {logging_mixin.py:109} INFO - plugins/invoices/d2022-1-4/invoice_2022-1-4-5.json
[2022-01-24 04:16:01,742] {logging_mixin.py:109} INFO - plugins/invoices/d2022-1-4/invoice_2022-1-4-44.json
[2022-01-24 04:16:01,743] {logging_mixin.py:109} INFO - plugins/invoices/d2022-1-4/invoice_2022-1-4-55.json
[2022-01-24 04:16:01,743] {logging_mixin.py:109} INFO - plugins/invoices/d2022-1-4/invoice_2022-1-4-4.json
[2022-01-24 04:16:01,743] {logging_mixin.py:109} INFO - plugins/invoices/d2022-1-4/invoice_2022-1-4-57.json
[2022-01-24 04:16:01,743] {logging_mixin.py:109} INFO - plugins/invoices/d2022-1-4/invoice_2022-1-4-72.json
[2022-01-24 04:16:01,743] {logging_mixin.py:109} INFO - plugins/invoices/d2022-1-4/invoice_2022-1-4-9.json
[2022-01-24 04:16:01,743] {logging_mixin.py:109} INFO - plugins/invoices/d2022-1-4/invoice_2022-1-4-3.json
[2022-01-24 04:16:01,743] {logging_mixin.py:109} INFO - plugins/invoices/d2022-1-4/invoice_2022-1-4-16.json
[2022-01-24 04:16:01,744] {logging_mixin.py:109} INFO - plugins/invoices/d2022-1-4/invoice_2022-1-4-66.json
[2022-01-24 04:16:01,744] {logging_mixin.py:109} INFO - plugins/invoices/d2022-1-4/invoice_2022-1-4-14.json
[2022-01-24 04:16:01,744] {logging_mixin.py:109} INFO - plugins/invoices/d2022-1-4/invoice_2022-1-4-35.json
[2022-01-24 04:16:01,744] {logging_mixin.py:109} INFO - plugins/invoices/d2022-1-4/invoice_2022-1-4-13.json
[2022-01-24 04:16:01,744] {logging_mixin.py:109} INFO - plugins/invoices/d2022-1-4/invoice_2022-1-4-58.json
[2022-01-24 04:16:01,744] {logging_mixin.py:109} INFO - plugins/invoices/d2022-1-4/invoice_2022-1-4-31.json
[2022-01-24 04:16:01,745] {logging_mixin.py:109} INFO - plugins/invoices/d2022-1-4/invoice_2022-1-4-12.json
[2022-01-24 04:16:01,745] {logging_mixin.py:109} INFO - plugins/invoices/d2022-1-4/invoice_2022-1-4-68.json
[2022-01-24 04:16:01,745] {logging_mixin.py:109} INFO - plugins/invoices/d2022-1-4/invoice_2022-1-4-10.json
[2022-01-24 04:16:01,745] {logging_mixin.py:109} INFO - plugins/invoices/d2022-1-4/invoice_2022-1-4-34.json
[2022-01-24 04:16:01,745] {logging_mixin.py:109} INFO - plugins/invoices/d2022-1-4/invoice_2022-1-4-2.json
[2022-01-24 04:16:01,745] {logging_mixin.py:109} INFO - plugins/invoices/d2022-1-4/invoice_2022-1-4-36.json
[2022-01-24 04:16:01,745] {logging_mixin.py:109} INFO - plugins/invoices/d2022-1-4/invoice_2022-1-4-56.json
[2022-01-24 04:16:01,746] {logging_mixin.py:109} INFO - plugins/invoices/d2022-1-4/invoice_2022-1-4-76.json
[2022-01-24 04:16:01,746] {logging_mixin.py:109} INFO - plugins/invoices/d2022-1-4/invoice_2022-1-4-6.json
[2022-01-24 04:16:01,746] {logging_mixin.py:109} INFO - plugins/invoices/d2022-1-4/invoice_2022-1-4-7.json
[2022-01-24 04:16:01,746] {logging_mixin.py:109} INFO - plugins/invoices/d2022-1-4/invoice_2022-1-4-54.json
[2022-01-24 04:16:01,746] {logging_mixin.py:109} INFO - plugins/invoices/d2022-1-4/invoice_2022-1-4-48.json
[2022-01-24 04:16:01,746] {logging_mixin.py:109} INFO - plugins/invoices/d2022-1-4/invoice_2022-1-4-59.json
[2022-01-24 04:16:01,747] {logging_mixin.py:109} INFO - plugins/invoices/d2022-1-4/invoice_2022-1-4-53.json
[2022-01-24 04:16:01,747] {logging_mixin.py:109} INFO - plugins/invoices/d2022-1-4/invoice_2022-1-4-70.json
[2022-01-24 04:16:01,747] {logging_mixin.py:109} INFO - plugins/invoices/d2022-1-4/invoice_2022-1-4-22.json
[2022-01-24 04:16:01,747] {logging_mixin.py:109} INFO - plugins/invoices/d2022-1-4/invoice_2022-1-4-42.json
[2022-01-24 04:16:01,747] {logging_mixin.py:109} INFO - plugins/invoices/d2022-1-4/invoice_2022-1-4-43.json
[2022-01-24 04:16:01,748] {logging_mixin.py:109} INFO - plugins/invoices/d2022-1-4/invoice_2022-1-4-18.json
[2022-01-24 04:16:01,748] {logging_mixin.py:109} INFO - plugins/invoices/d2022-1-4/invoice_2022-1-4-62.json
[2022-01-24 04:16:01,748] {logging_mixin.py:109} INFO - plugins/invoices/d2022-1-4/invoice_2022-1-4-52.json
[2022-01-24 04:16:01,748] {logging_mixin.py:109} INFO - plugins/invoices/d2022-1-4/invoice_2022-1-4-49.json
[2022-01-24 04:16:01,749] {logging_mixin.py:109} INFO - plugins/invoices/d2022-1-4/invoice_2022-1-4-27.json
[2022-01-24 04:16:01,749] {logging_mixin.py:109} INFO - plugins/invoices/d2022-1-4/invoice_2022-1-4-0.json
[2022-01-24 04:16:01,749] {logging_mixin.py:109} INFO - plugins/invoices/d2022-1-4/invoice_2022-1-4-15.json
[2022-01-24 04:16:01,749] {logging_mixin.py:109} INFO - plugins/invoices/d2022-1-4/invoice_2022-1-4-74.json
[2022-01-24 04:16:01,749] {logging_mixin.py:109} INFO - plugins/invoices/d2022-1-4/invoice_2022-1-4-73.json
[2022-01-24 04:16:01,750] {logging_mixin.py:109} INFO - plugins/invoices/d2022-1-4/invoice_2022-1-4-69.json
[2022-01-24 04:16:01,750] {logging_mixin.py:109} INFO - plugins/invoices/d2022-1-4/invoice_2022-1-4-46.json
[2022-01-24 04:16:01,750] {logging_mixin.py:109} INFO - plugins/invoices/d2022-1-4/invoice_2022-1-4-38.json
[2022-01-24 04:16:01,750] {logging_mixin.py:109} INFO - plugins/invoices/d2022-1-4/invoice_2022-1-4-1.json
[2022-01-24 04:16:01,750] {logging_mixin.py:109} INFO - plugins/invoices/d2022-1-4/invoice_2022-1-4-19.json
[2022-01-24 04:16:01,751] {logging_mixin.py:109} INFO - plugins/invoices/d2022-1-4/invoice_2022-1-4-26.json
[2022-01-24 04:16:01,751] {logging_mixin.py:109} INFO - plugins/invoices/d2022-1-4/invoice_2022-1-4-21.json
[2022-01-24 04:16:01,751] {logging_mixin.py:109} INFO - plugins/invoices/d2022-1-4/invoice_2022-1-4-20.json
[2022-01-24 04:16:01,751] {logging_mixin.py:109} INFO - plugins/invoices/d2022-1-4/invoice_2022-1-4-65.json
[2022-01-24 04:16:01,751] {logging_mixin.py:109} INFO - plugins/invoices/d2022-1-4/invoice_2022-1-4-60.json
[2022-01-24 04:16:01,752] {logging_mixin.py:109} INFO - plugins/invoices/d2022-1-4/invoice_2022-1-4-17.json
[2022-01-24 04:16:01,752] {logging_mixin.py:109} INFO - plugins/invoices/d2022-1-4/invoice_2022-1-4-64.json
[2022-01-24 04:16:01,752] {logging_mixin.py:109} INFO - plugins/invoices/d2022-1-4/invoice_2022-1-4-25.json
[2022-01-24 04:16:01,752] {logging_mixin.py:109} INFO - plugins/invoices/d2022-1-4/invoice_2022-1-4-50.json
[2022-01-24 04:16:01,752] {logging_mixin.py:109} INFO - plugins/invoices/d2022-1-4/invoice_2022-1-4-75.json
[2022-01-24 04:16:01,753] {logging_mixin.py:109} INFO - plugins/invoices/d2022-1-4/invoice_2022-1-4-41.json
[2022-01-24 04:16:01,753] {logging_mixin.py:109} INFO - plugins/invoices/d2022-1-4/invoice_2022-1-4-61.json
[2022-01-24 04:16:01,753] {logging_mixin.py:109} INFO - plugins/invoices/d2022-1-4/invoice_2022-1-4-24.json
[2022-01-24 04:16:01,753] {logging_mixin.py:109} INFO - plugins/invoices/d2022-1-4/invoice_2022-1-4-39.json
[2022-01-24 04:16:01,755] {logging_mixin.py:109} INFO - 77
[2022-01-24 04:16:01,768] {logging_mixin.py:109} INFO -      invoice_id    invoice_timestamp  customer_id  ...  qty is_discount      price
0   20220104-39  2022-01-04T00:49:41  mjbhujn4102  ...  164           0  6692.8400
1   20220104-45  2022-01-04T05:00:49  epybnes3286  ...  259           0  2478.6300
2    20220104-3  2022-01-04T16:45:42  yyymlnv2864  ...  182           1  5528.9962
3    20220104-7  2022-01-04T11:23:17  svphxxg5796  ...  124           1  6975.5952
4   20220104-35  2022-01-04T05:27:40  yadoags1019  ...  270           1  8984.3850
..          ...                  ...          ...  ...  ...         ...        ...
72   20220104-8  2022-01-04T14:53:17  lzoimgb3646  ...   55           1  1621.0810
73  20220104-46  2022-01-04T13:36:40  zeytfvk2553  ...   44           1   227.8804
74  20220104-64  2022-01-04T10:42:21  yadoags1019  ...  210           1  3861.6900
75  20220104-30  2022-01-04T07:13:05  codpbua4340  ...  268           1  9648.8040
76  20220104-44  2022-01-04T14:47:09  sexnidd1428  ...   54           0  2879.2800

[77 rows x 8 columns]
[2022-01-24 04:16:01,769] {taskinstance.py:1700} ERROR - Task failed with exception
Traceback (most recent call last):
  File "/home/airflow/.local/lib/python3.7/site-packages/airflow/models/taskinstance.py", line 1329, in _run_raw_task
    self._execute_task_with_callbacks(context)
  File "/home/airflow/.local/lib/python3.7/site-packages/airflow/models/taskinstance.py", line 1455, in _execute_task_with_callbacks
    result = self._execute_task(context, self.task)
  File "/home/airflow/.local/lib/python3.7/site-packages/airflow/models/taskinstance.py", line 1511, in _execute_task
    result = execute_callable(context=context)
  File "/home/airflow/.local/lib/python3.7/site-packages/airflow/operators/python.py", line 174, in execute
    return_value = self.execute_callable()
  File "/home/airflow/.local/lib/python3.7/site-packages/airflow/operators/python.py", line 185, in execute_callable
    return self.python_callable(*self.op_args, **self.op_kwargs)
  File "/opt/airflow/dags/datawarehouse_airflow.py", line 59, in load_invoice_staging
    invoice_df.to_sql('invoice_stagging_{}_{}_{}'.format(ts.year, ts.month, ts.day), redshift_hook.get_sqlalcemy_engine(), if_exists='replace', index=False)
AttributeError: 'PostgresHook' object has no attribute 'get_sqlalcemy_engine'
[2022-01-24 04:16:01,783] {taskinstance.py:1277} INFO - Marking task as FAILED. dag_id=datawarehouse_etl, task_id=load_invoice_staging, execution_date=20220104T000000, start_date=20220124T041601, end_date=20220124T041601
[2022-01-24 04:16:01,794] {standard_task_runner.py:92} ERROR - Failed to execute job 76 for task load_invoice_staging
Traceback (most recent call last):
  File "/home/airflow/.local/lib/python3.7/site-packages/airflow/task/task_runner/standard_task_runner.py", line 85, in _start_by_fork
    args.func(args, dag=self.dag)
  File "/home/airflow/.local/lib/python3.7/site-packages/airflow/cli/cli_parser.py", line 48, in command
    return func(*args, **kwargs)
  File "/home/airflow/.local/lib/python3.7/site-packages/airflow/utils/cli.py", line 92, in wrapper
    return f(*args, **kwargs)
  File "/home/airflow/.local/lib/python3.7/site-packages/airflow/cli/commands/task_command.py", line 298, in task_run
    _run_task_by_selected_method(args, dag, ti)
  File "/home/airflow/.local/lib/python3.7/site-packages/airflow/cli/commands/task_command.py", line 107, in _run_task_by_selected_method
    _run_raw_task(args, ti)
  File "/home/airflow/.local/lib/python3.7/site-packages/airflow/cli/commands/task_command.py", line 184, in _run_raw_task
    error_file=args.error_file,
  File "/home/airflow/.local/lib/python3.7/site-packages/airflow/utils/session.py", line 70, in wrapper
    return func(*args, session=session, **kwargs)
  File "/home/airflow/.local/lib/python3.7/site-packages/airflow/models/taskinstance.py", line 1329, in _run_raw_task
    self._execute_task_with_callbacks(context)
  File "/home/airflow/.local/lib/python3.7/site-packages/airflow/models/taskinstance.py", line 1455, in _execute_task_with_callbacks
    result = self._execute_task(context, self.task)
  File "/home/airflow/.local/lib/python3.7/site-packages/airflow/models/taskinstance.py", line 1511, in _execute_task
    result = execute_callable(context=context)
  File "/home/airflow/.local/lib/python3.7/site-packages/airflow/operators/python.py", line 174, in execute
    return_value = self.execute_callable()
  File "/home/airflow/.local/lib/python3.7/site-packages/airflow/operators/python.py", line 185, in execute_callable
    return self.python_callable(*self.op_args, **self.op_kwargs)
  File "/opt/airflow/dags/datawarehouse_airflow.py", line 59, in load_invoice_staging
    invoice_df.to_sql('invoice_stagging_{}_{}_{}'.format(ts.year, ts.month, ts.day), redshift_hook.get_sqlalcemy_engine(), if_exists='replace', index=False)
AttributeError: 'PostgresHook' object has no attribute 'get_sqlalcemy_engine'
[2022-01-24 04:16:01,831] {local_task_job.py:154} INFO - Task exited with return code 1
[2022-01-24 04:16:01,862] {local_task_job.py:264} INFO - 0 downstream tasks scheduled from follow-on schedule check
[2022-01-24 04:20:51,858] {taskinstance.py:1032} INFO - Dependencies all met for <TaskInstance: datawarehouse_etl.load_invoice_staging scheduled__2022-01-04T00:00:00+00:00 [queued]>
[2022-01-24 04:20:51,870] {taskinstance.py:1032} INFO - Dependencies all met for <TaskInstance: datawarehouse_etl.load_invoice_staging scheduled__2022-01-04T00:00:00+00:00 [queued]>
[2022-01-24 04:20:51,870] {taskinstance.py:1238} INFO - 
--------------------------------------------------------------------------------
[2022-01-24 04:20:51,870] {taskinstance.py:1239} INFO - Starting attempt 1 of 1
[2022-01-24 04:20:51,870] {taskinstance.py:1240} INFO - 
--------------------------------------------------------------------------------
[2022-01-24 04:20:51,884] {taskinstance.py:1259} INFO - Executing <Task(PythonOperator): load_invoice_staging> on 2022-01-04 00:00:00+00:00
[2022-01-24 04:20:51,929] {standard_task_runner.py:52} INFO - Started process 7356 to run task
[2022-01-24 04:20:51,934] {standard_task_runner.py:76} INFO - Running: ['***', 'tasks', 'run', 'datawarehouse_etl', 'load_invoice_staging', 'scheduled__2022-01-04T00:00:00+00:00', '--job-id', '79', '--raw', '--subdir', 'DAGS_FOLDER/datawarehouse_***.py', '--cfg-path', '/tmp/tmpw1ddv3d1', '--error-file', '/tmp/tmp745ugpai']
[2022-01-24 04:20:51,935] {standard_task_runner.py:77} INFO - Job 79: Subtask load_invoice_staging
[2022-01-24 04:20:52,010] {logging_mixin.py:109} INFO - Running <TaskInstance: datawarehouse_etl.load_invoice_staging scheduled__2022-01-04T00:00:00+00:00 [running]> on host cd9bb47288d1
[2022-01-24 04:20:52,050] {taskinstance.py:1426} INFO - Exporting the following env vars:
AIRFLOW_CTX_DAG_OWNER=***
AIRFLOW_CTX_DAG_ID=datawarehouse_etl
AIRFLOW_CTX_TASK_ID=load_invoice_staging
AIRFLOW_CTX_EXECUTION_DATE=2022-01-04T00:00:00+00:00
AIRFLOW_CTX_DAG_RUN_ID=scheduled__2022-01-04T00:00:00+00:00
[2022-01-24 04:20:52,051] {warnings.py:110} WARNING - /home/***/.local/lib/python3.7/site-packages/***/utils/context.py:152: AirflowContextDeprecationWarning: Accessing 'execution_date' from the template is deprecated and will be removed in a future version. Please use 'data_interval_start' or 'logical_date' instead.
  warnings.warn(_create_deprecation_warning(key, self._deprecation_replacements[key]))

[2022-01-24 04:20:52,051] {warnings.py:110} WARNING - /home/***/.local/lib/python3.7/site-packages/***/utils/context.py:152: AirflowContextDeprecationWarning: Accessing 'next_ds' from the template is deprecated and will be removed in a future version. Please use '{{ data_interval_end | ds }}' instead.
  warnings.warn(_create_deprecation_warning(key, self._deprecation_replacements[key]))

[2022-01-24 04:20:52,051] {warnings.py:110} WARNING - /home/***/.local/lib/python3.7/site-packages/***/utils/context.py:152: AirflowContextDeprecationWarning: Accessing 'next_ds_nodash' from the template is deprecated and will be removed in a future version. Please use '{{ data_interval_end | ds_nodash }}' instead.
  warnings.warn(_create_deprecation_warning(key, self._deprecation_replacements[key]))

[2022-01-24 04:20:52,051] {warnings.py:110} WARNING - /home/***/.local/lib/python3.7/site-packages/***/utils/context.py:152: AirflowContextDeprecationWarning: Accessing 'next_execution_date' from the template is deprecated and will be removed in a future version. Please use 'data_interval_end' instead.
  warnings.warn(_create_deprecation_warning(key, self._deprecation_replacements[key]))

[2022-01-24 04:20:52,051] {warnings.py:110} WARNING - /home/***/.local/lib/python3.7/site-packages/***/utils/context.py:152: AirflowContextDeprecationWarning: Accessing 'prev_ds' from the template is deprecated and will be removed in a future version.
  warnings.warn(_create_deprecation_warning(key, self._deprecation_replacements[key]))

[2022-01-24 04:20:52,051] {warnings.py:110} WARNING - /home/***/.local/lib/python3.7/site-packages/***/utils/context.py:152: AirflowContextDeprecationWarning: Accessing 'prev_ds_nodash' from the template is deprecated and will be removed in a future version.
  warnings.warn(_create_deprecation_warning(key, self._deprecation_replacements[key]))

[2022-01-24 04:20:52,052] {warnings.py:110} WARNING - /home/***/.local/lib/python3.7/site-packages/***/utils/context.py:152: AirflowContextDeprecationWarning: Accessing 'prev_execution_date' from the template is deprecated and will be removed in a future version.
  warnings.warn(_create_deprecation_warning(key, self._deprecation_replacements[key]))

[2022-01-24 04:20:52,052] {warnings.py:110} WARNING - /home/***/.local/lib/python3.7/site-packages/***/utils/context.py:152: AirflowContextDeprecationWarning: Accessing 'prev_execution_date_success' from the template is deprecated and will be removed in a future version. Please use 'prev_data_interval_start_success' instead.
  warnings.warn(_create_deprecation_warning(key, self._deprecation_replacements[key]))

[2022-01-24 04:20:52,052] {warnings.py:110} WARNING - /home/***/.local/lib/python3.7/site-packages/***/utils/context.py:152: AirflowContextDeprecationWarning: Accessing 'tomorrow_ds' from the template is deprecated and will be removed in a future version.
  warnings.warn(_create_deprecation_warning(key, self._deprecation_replacements[key]))

[2022-01-24 04:20:52,052] {warnings.py:110} WARNING - /home/***/.local/lib/python3.7/site-packages/***/utils/context.py:152: AirflowContextDeprecationWarning: Accessing 'tomorrow_ds_nodash' from the template is deprecated and will be removed in a future version.
  warnings.warn(_create_deprecation_warning(key, self._deprecation_replacements[key]))

[2022-01-24 04:20:52,052] {warnings.py:110} WARNING - /home/***/.local/lib/python3.7/site-packages/***/utils/context.py:152: AirflowContextDeprecationWarning: Accessing 'yesterday_ds' from the template is deprecated and will be removed in a future version.
  warnings.warn(_create_deprecation_warning(key, self._deprecation_replacements[key]))

[2022-01-24 04:20:52,052] {warnings.py:110} WARNING - /home/***/.local/lib/python3.7/site-packages/***/utils/context.py:152: AirflowContextDeprecationWarning: Accessing 'yesterday_ds_nodash' from the template is deprecated and will be removed in a future version.
  warnings.warn(_create_deprecation_warning(key, self._deprecation_replacements[key]))

[2022-01-24 04:20:52,053] {logging_mixin.py:109} INFO - {'conf': <***.configuration.AirflowConfigParser object at 0x7f1e4dfc6a10>, 'dag': <DAG: datawarehouse_etl>, 'dag_run': <DagRun datawarehouse_etl @ 2022-01-04 00:00:00+00:00: scheduled__2022-01-04T00:00:00+00:00, externally triggered: False>, 'data_interval_end': DateTime(2022, 1, 5, 0, 0, 0, tzinfo=Timezone('UTC')), 'data_interval_start': DateTime(2022, 1, 4, 0, 0, 0, tzinfo=Timezone('UTC')), 'ds': '2022-01-04', 'ds_nodash': '20220104', 'execution_date': DateTime(2022, 1, 4, 0, 0, 0, tzinfo=Timezone('UTC')), 'inlets': [], 'logical_date': DateTime(2022, 1, 4, 0, 0, 0, tzinfo=Timezone('UTC')), 'macros': <module '***.macros' from '/home/***/.local/lib/python3.7/site-packages/***/macros/__init__.py'>, 'next_ds': '2022-01-05', 'next_ds_nodash': '20220105', 'next_execution_date': DateTime(2022, 1, 5, 0, 0, 0, tzinfo=Timezone('UTC')), 'outlets': [], 'params': {}, 'prev_data_interval_start_success': None, 'prev_data_interval_end_success': None, 'prev_ds': '2022-01-03', 'prev_ds_nodash': '20220103', 'prev_execution_date': datetime.datetime(2022, 1, 3, 0, 0, tzinfo=Timezone('UTC')), 'prev_execution_date_success': None, 'prev_start_date_success': None, 'run_id': 'scheduled__2022-01-04T00:00:00+00:00', 'task': <Task(PythonOperator): load_invoice_staging>, 'task_instance': <TaskInstance: datawarehouse_etl.load_invoice_staging scheduled__2022-01-04T00:00:00+00:00 [running]>, 'task_instance_key_str': 'datawarehouse_etl__load_invoice_staging__20220104', 'test_mode': False, 'ti': <TaskInstance: datawarehouse_etl.load_invoice_staging scheduled__2022-01-04T00:00:00+00:00 [running]>, 'tomorrow_ds': '2022-01-05', 'tomorrow_ds_nodash': '20220105', 'ts': '2022-01-04T00:00:00+00:00', 'ts_nodash': '20220104T000000', 'ts_nodash_with_tz': '20220104T000000+0000', 'var': {'json': None, 'value': None}, 'conn': None, 'yesterday_ds': '2022-01-03', 'yesterday_ds_nodash': '20220103', 'key': 'value', 'ts_var': '2022-01-04T00:00:00+00:00', 'tsnodash_var': '20220104T000000', 'templates_dict': None}
[2022-01-24 04:20:52,054] {logging_mixin.py:109} INFO - ts:  2022-01-04 00:00:00+00:00
[2022-01-24 04:20:52,054] {logging_mixin.py:109} INFO - <class 'pandas._libs.tslibs.timestamps.Timestamp'>
[2022-01-24 04:20:52,054] {logging_mixin.py:109} INFO - Object created.
[2022-01-24 04:20:52,054] {logging_mixin.py:109} INFO - 2022 1 4
[2022-01-24 04:20:52,055] {logging_mixin.py:109} INFO - plugins/invoices/d2022-1-4/invoice_2022-1-4-33.json
[2022-01-24 04:20:52,055] {logging_mixin.py:109} INFO - plugins/invoices/d2022-1-4/invoice_2022-1-4-40.json
[2022-01-24 04:20:52,055] {logging_mixin.py:109} INFO - plugins/invoices/d2022-1-4/invoice_2022-1-4-23.json
[2022-01-24 04:20:52,056] {logging_mixin.py:109} INFO - plugins/invoices/d2022-1-4/invoice_2022-1-4-67.json
[2022-01-24 04:20:52,056] {logging_mixin.py:109} INFO - plugins/invoices/d2022-1-4/invoice_2022-1-4-29.json
[2022-01-24 04:20:52,056] {logging_mixin.py:109} INFO - plugins/invoices/d2022-1-4/invoice_2022-1-4-63.json
[2022-01-24 04:20:52,057] {logging_mixin.py:109} INFO - plugins/invoices/d2022-1-4/invoice_2022-1-4-37.json
[2022-01-24 04:20:52,057] {logging_mixin.py:109} INFO - plugins/invoices/d2022-1-4/invoice_2022-1-4-28.json
[2022-01-24 04:20:52,057] {logging_mixin.py:109} INFO - plugins/invoices/d2022-1-4/invoice_2022-1-4-45.json
[2022-01-24 04:20:52,057] {logging_mixin.py:109} INFO - plugins/invoices/d2022-1-4/invoice_2022-1-4-11.json
[2022-01-24 04:20:52,058] {logging_mixin.py:109} INFO - plugins/invoices/d2022-1-4/invoice_2022-1-4-51.json
[2022-01-24 04:20:52,058] {logging_mixin.py:109} INFO - plugins/invoices/d2022-1-4/invoice_2022-1-4-30.json
[2022-01-24 04:20:52,058] {logging_mixin.py:109} INFO - plugins/invoices/d2022-1-4/invoice_2022-1-4-71.json
[2022-01-24 04:20:52,058] {logging_mixin.py:109} INFO - plugins/invoices/d2022-1-4/invoice_2022-1-4-8.json
[2022-01-24 04:20:52,058] {logging_mixin.py:109} INFO - plugins/invoices/d2022-1-4/invoice_2022-1-4-32.json
[2022-01-24 04:20:52,059] {logging_mixin.py:109} INFO - plugins/invoices/d2022-1-4/invoice_2022-1-4-47.json
[2022-01-24 04:20:52,059] {logging_mixin.py:109} INFO - plugins/invoices/d2022-1-4/invoice_2022-1-4-5.json
[2022-01-24 04:20:52,059] {logging_mixin.py:109} INFO - plugins/invoices/d2022-1-4/invoice_2022-1-4-44.json
[2022-01-24 04:20:52,059] {logging_mixin.py:109} INFO - plugins/invoices/d2022-1-4/invoice_2022-1-4-55.json
[2022-01-24 04:20:52,060] {logging_mixin.py:109} INFO - plugins/invoices/d2022-1-4/invoice_2022-1-4-4.json
[2022-01-24 04:20:52,060] {logging_mixin.py:109} INFO - plugins/invoices/d2022-1-4/invoice_2022-1-4-57.json
[2022-01-24 04:20:52,060] {logging_mixin.py:109} INFO - plugins/invoices/d2022-1-4/invoice_2022-1-4-72.json
[2022-01-24 04:20:52,060] {logging_mixin.py:109} INFO - plugins/invoices/d2022-1-4/invoice_2022-1-4-9.json
[2022-01-24 04:20:52,061] {logging_mixin.py:109} INFO - plugins/invoices/d2022-1-4/invoice_2022-1-4-3.json
[2022-01-24 04:20:52,061] {logging_mixin.py:109} INFO - plugins/invoices/d2022-1-4/invoice_2022-1-4-16.json
[2022-01-24 04:20:52,061] {logging_mixin.py:109} INFO - plugins/invoices/d2022-1-4/invoice_2022-1-4-66.json
[2022-01-24 04:20:52,061] {logging_mixin.py:109} INFO - plugins/invoices/d2022-1-4/invoice_2022-1-4-14.json
[2022-01-24 04:20:52,062] {logging_mixin.py:109} INFO - plugins/invoices/d2022-1-4/invoice_2022-1-4-35.json
[2022-01-24 04:20:52,062] {logging_mixin.py:109} INFO - plugins/invoices/d2022-1-4/invoice_2022-1-4-13.json
[2022-01-24 04:20:52,062] {logging_mixin.py:109} INFO - plugins/invoices/d2022-1-4/invoice_2022-1-4-58.json
[2022-01-24 04:20:52,062] {logging_mixin.py:109} INFO - plugins/invoices/d2022-1-4/invoice_2022-1-4-31.json
[2022-01-24 04:20:52,062] {logging_mixin.py:109} INFO - plugins/invoices/d2022-1-4/invoice_2022-1-4-12.json
[2022-01-24 04:20:52,063] {logging_mixin.py:109} INFO - plugins/invoices/d2022-1-4/invoice_2022-1-4-68.json
[2022-01-24 04:20:52,063] {logging_mixin.py:109} INFO - plugins/invoices/d2022-1-4/invoice_2022-1-4-10.json
[2022-01-24 04:20:52,063] {logging_mixin.py:109} INFO - plugins/invoices/d2022-1-4/invoice_2022-1-4-34.json
[2022-01-24 04:20:52,063] {logging_mixin.py:109} INFO - plugins/invoices/d2022-1-4/invoice_2022-1-4-2.json
[2022-01-24 04:20:52,063] {logging_mixin.py:109} INFO - plugins/invoices/d2022-1-4/invoice_2022-1-4-36.json
[2022-01-24 04:20:52,064] {logging_mixin.py:109} INFO - plugins/invoices/d2022-1-4/invoice_2022-1-4-56.json
[2022-01-24 04:20:52,064] {logging_mixin.py:109} INFO - plugins/invoices/d2022-1-4/invoice_2022-1-4-76.json
[2022-01-24 04:20:52,064] {logging_mixin.py:109} INFO - plugins/invoices/d2022-1-4/invoice_2022-1-4-6.json
[2022-01-24 04:20:52,064] {logging_mixin.py:109} INFO - plugins/invoices/d2022-1-4/invoice_2022-1-4-7.json
[2022-01-24 04:20:52,064] {logging_mixin.py:109} INFO - plugins/invoices/d2022-1-4/invoice_2022-1-4-54.json
[2022-01-24 04:20:52,064] {logging_mixin.py:109} INFO - plugins/invoices/d2022-1-4/invoice_2022-1-4-48.json
[2022-01-24 04:20:52,065] {logging_mixin.py:109} INFO - plugins/invoices/d2022-1-4/invoice_2022-1-4-59.json
[2022-01-24 04:20:52,065] {logging_mixin.py:109} INFO - plugins/invoices/d2022-1-4/invoice_2022-1-4-53.json
[2022-01-24 04:20:52,065] {logging_mixin.py:109} INFO - plugins/invoices/d2022-1-4/invoice_2022-1-4-70.json
[2022-01-24 04:20:52,065] {logging_mixin.py:109} INFO - plugins/invoices/d2022-1-4/invoice_2022-1-4-22.json
[2022-01-24 04:20:52,065] {logging_mixin.py:109} INFO - plugins/invoices/d2022-1-4/invoice_2022-1-4-42.json
[2022-01-24 04:20:52,065] {logging_mixin.py:109} INFO - plugins/invoices/d2022-1-4/invoice_2022-1-4-43.json
[2022-01-24 04:20:52,066] {logging_mixin.py:109} INFO - plugins/invoices/d2022-1-4/invoice_2022-1-4-18.json
[2022-01-24 04:20:52,066] {logging_mixin.py:109} INFO - plugins/invoices/d2022-1-4/invoice_2022-1-4-62.json
[2022-01-24 04:20:52,066] {logging_mixin.py:109} INFO - plugins/invoices/d2022-1-4/invoice_2022-1-4-52.json
[2022-01-24 04:20:52,066] {logging_mixin.py:109} INFO - plugins/invoices/d2022-1-4/invoice_2022-1-4-49.json
[2022-01-24 04:20:52,066] {logging_mixin.py:109} INFO - plugins/invoices/d2022-1-4/invoice_2022-1-4-27.json
[2022-01-24 04:20:52,067] {logging_mixin.py:109} INFO - plugins/invoices/d2022-1-4/invoice_2022-1-4-0.json
[2022-01-24 04:20:52,067] {logging_mixin.py:109} INFO - plugins/invoices/d2022-1-4/invoice_2022-1-4-15.json
[2022-01-24 04:20:52,067] {logging_mixin.py:109} INFO - plugins/invoices/d2022-1-4/invoice_2022-1-4-74.json
[2022-01-24 04:20:52,067] {logging_mixin.py:109} INFO - plugins/invoices/d2022-1-4/invoice_2022-1-4-73.json
[2022-01-24 04:20:52,067] {logging_mixin.py:109} INFO - plugins/invoices/d2022-1-4/invoice_2022-1-4-69.json
[2022-01-24 04:20:52,067] {logging_mixin.py:109} INFO - plugins/invoices/d2022-1-4/invoice_2022-1-4-46.json
[2022-01-24 04:20:52,068] {logging_mixin.py:109} INFO - plugins/invoices/d2022-1-4/invoice_2022-1-4-38.json
[2022-01-24 04:20:52,068] {logging_mixin.py:109} INFO - plugins/invoices/d2022-1-4/invoice_2022-1-4-1.json
[2022-01-24 04:20:52,068] {logging_mixin.py:109} INFO - plugins/invoices/d2022-1-4/invoice_2022-1-4-19.json
[2022-01-24 04:20:52,068] {logging_mixin.py:109} INFO - plugins/invoices/d2022-1-4/invoice_2022-1-4-26.json
[2022-01-24 04:20:52,068] {logging_mixin.py:109} INFO - plugins/invoices/d2022-1-4/invoice_2022-1-4-21.json
[2022-01-24 04:20:52,068] {logging_mixin.py:109} INFO - plugins/invoices/d2022-1-4/invoice_2022-1-4-20.json
[2022-01-24 04:20:52,069] {logging_mixin.py:109} INFO - plugins/invoices/d2022-1-4/invoice_2022-1-4-65.json
[2022-01-24 04:20:52,069] {logging_mixin.py:109} INFO - plugins/invoices/d2022-1-4/invoice_2022-1-4-60.json
[2022-01-24 04:20:52,069] {logging_mixin.py:109} INFO - plugins/invoices/d2022-1-4/invoice_2022-1-4-17.json
[2022-01-24 04:20:52,069] {logging_mixin.py:109} INFO - plugins/invoices/d2022-1-4/invoice_2022-1-4-64.json
[2022-01-24 04:20:52,069] {logging_mixin.py:109} INFO - plugins/invoices/d2022-1-4/invoice_2022-1-4-25.json
[2022-01-24 04:20:52,069] {logging_mixin.py:109} INFO - plugins/invoices/d2022-1-4/invoice_2022-1-4-50.json
[2022-01-24 04:20:52,070] {logging_mixin.py:109} INFO - plugins/invoices/d2022-1-4/invoice_2022-1-4-75.json
[2022-01-24 04:20:52,070] {logging_mixin.py:109} INFO - plugins/invoices/d2022-1-4/invoice_2022-1-4-41.json
[2022-01-24 04:20:52,070] {logging_mixin.py:109} INFO - plugins/invoices/d2022-1-4/invoice_2022-1-4-61.json
[2022-01-24 04:20:52,070] {logging_mixin.py:109} INFO - plugins/invoices/d2022-1-4/invoice_2022-1-4-24.json
[2022-01-24 04:20:52,070] {logging_mixin.py:109} INFO - plugins/invoices/d2022-1-4/invoice_2022-1-4-39.json
[2022-01-24 04:20:52,072] {logging_mixin.py:109} INFO - 77
[2022-01-24 04:20:52,086] {logging_mixin.py:109} INFO -      invoice_id    invoice_timestamp  customer_id  ...  qty is_discount      price
0   20220104-39  2022-01-04T00:49:41  mjbhujn4102  ...  164           0  6692.8400
1   20220104-45  2022-01-04T05:00:49  epybnes3286  ...  259           0  2478.6300
2    20220104-3  2022-01-04T16:45:42  yyymlnv2864  ...  182           1  5528.9962
3    20220104-7  2022-01-04T11:23:17  svphxxg5796  ...  124           1  6975.5952
4   20220104-35  2022-01-04T05:27:40  yadoags1019  ...  270           1  8984.3850
..          ...                  ...          ...  ...  ...         ...        ...
72   20220104-8  2022-01-04T14:53:17  lzoimgb3646  ...   55           1  1621.0810
73  20220104-46  2022-01-04T13:36:40  zeytfvk2553  ...   44           1   227.8804
74  20220104-64  2022-01-04T10:42:21  yadoags1019  ...  210           1  3861.6900
75  20220104-30  2022-01-04T07:13:05  codpbua4340  ...  268           1  9648.8040
76  20220104-44  2022-01-04T14:47:09  sexnidd1428  ...   54           0  2879.2800

[77 rows x 8 columns]
[2022-01-24 04:20:52,086] {taskinstance.py:1700} ERROR - Task failed with exception
Traceback (most recent call last):
  File "/home/airflow/.local/lib/python3.7/site-packages/airflow/models/taskinstance.py", line 1329, in _run_raw_task
    self._execute_task_with_callbacks(context)
  File "/home/airflow/.local/lib/python3.7/site-packages/airflow/models/taskinstance.py", line 1455, in _execute_task_with_callbacks
    result = self._execute_task(context, self.task)
  File "/home/airflow/.local/lib/python3.7/site-packages/airflow/models/taskinstance.py", line 1511, in _execute_task
    result = execute_callable(context=context)
  File "/home/airflow/.local/lib/python3.7/site-packages/airflow/operators/python.py", line 174, in execute
    return_value = self.execute_callable()
  File "/home/airflow/.local/lib/python3.7/site-packages/airflow/operators/python.py", line 185, in execute_callable
    return self.python_callable(*self.op_args, **self.op_kwargs)
  File "/opt/airflow/dags/datawarehouse_airflow.py", line 59, in load_invoice_staging
    invoice_df.to_sql('invoice_stagging_{}_{}_{}'.format(ts.year, ts.month, ts.day), redshift_hook.get_sqlalcemy_engine(), if_exists='replace', index=False)
AttributeError: 'PostgresHook' object has no attribute 'get_sqlalcemy_engine'
[2022-01-24 04:20:52,097] {taskinstance.py:1277} INFO - Marking task as FAILED. dag_id=datawarehouse_etl, task_id=load_invoice_staging, execution_date=20220104T000000, start_date=20220124T042051, end_date=20220124T042052
[2022-01-24 04:20:52,108] {standard_task_runner.py:92} ERROR - Failed to execute job 79 for task load_invoice_staging
Traceback (most recent call last):
  File "/home/airflow/.local/lib/python3.7/site-packages/airflow/task/task_runner/standard_task_runner.py", line 85, in _start_by_fork
    args.func(args, dag=self.dag)
  File "/home/airflow/.local/lib/python3.7/site-packages/airflow/cli/cli_parser.py", line 48, in command
    return func(*args, **kwargs)
  File "/home/airflow/.local/lib/python3.7/site-packages/airflow/utils/cli.py", line 92, in wrapper
    return f(*args, **kwargs)
  File "/home/airflow/.local/lib/python3.7/site-packages/airflow/cli/commands/task_command.py", line 298, in task_run
    _run_task_by_selected_method(args, dag, ti)
  File "/home/airflow/.local/lib/python3.7/site-packages/airflow/cli/commands/task_command.py", line 107, in _run_task_by_selected_method
    _run_raw_task(args, ti)
  File "/home/airflow/.local/lib/python3.7/site-packages/airflow/cli/commands/task_command.py", line 184, in _run_raw_task
    error_file=args.error_file,
  File "/home/airflow/.local/lib/python3.7/site-packages/airflow/utils/session.py", line 70, in wrapper
    return func(*args, session=session, **kwargs)
  File "/home/airflow/.local/lib/python3.7/site-packages/airflow/models/taskinstance.py", line 1329, in _run_raw_task
    self._execute_task_with_callbacks(context)
  File "/home/airflow/.local/lib/python3.7/site-packages/airflow/models/taskinstance.py", line 1455, in _execute_task_with_callbacks
    result = self._execute_task(context, self.task)
  File "/home/airflow/.local/lib/python3.7/site-packages/airflow/models/taskinstance.py", line 1511, in _execute_task
    result = execute_callable(context=context)
  File "/home/airflow/.local/lib/python3.7/site-packages/airflow/operators/python.py", line 174, in execute
    return_value = self.execute_callable()
  File "/home/airflow/.local/lib/python3.7/site-packages/airflow/operators/python.py", line 185, in execute_callable
    return self.python_callable(*self.op_args, **self.op_kwargs)
  File "/opt/airflow/dags/datawarehouse_airflow.py", line 59, in load_invoice_staging
    invoice_df.to_sql('invoice_stagging_{}_{}_{}'.format(ts.year, ts.month, ts.day), redshift_hook.get_sqlalcemy_engine(), if_exists='replace', index=False)
AttributeError: 'PostgresHook' object has no attribute 'get_sqlalcemy_engine'
[2022-01-24 04:20:52,145] {local_task_job.py:154} INFO - Task exited with return code 1
[2022-01-24 04:20:52,182] {local_task_job.py:264} INFO - 0 downstream tasks scheduled from follow-on schedule check
